<?xml version="1.0" encoding="UTF-8"?>
<coverage generated="1764718071978" clover="3.2.0">
  <project timestamp="1764718071978" name="All files">
    <metrics statements="65" coveredstatements="65" conditionals="14" coveredconditionals="14" methods="22" coveredmethods="22" elements="101" coveredelements="101" complexity="0" loc="65" ncloc="65" packages="1" files="5" classes="5"/>
    <file name="auth-middleware.js" path="/Users/sbillups/csc307-lowballers/packages/express-backend/auth-middleware.js">
      <metrics statements="14" coveredstatements="14" conditionals="6" coveredconditionals="6" methods="2" coveredmethods="2"/>
      <line num="3" count="1" type="cond" truecount="2" falsecount="0"/>
      <line num="7" count="3" type="stmt"/>
      <line num="8" count="3" type="cond" truecount="2" falsecount="0"/>
      <line num="9" count="2" type="stmt"/>
      <line num="10" count="2" type="stmt"/>
      <line num="11" count="1" type="stmt"/>
      <line num="16" count="3" type="stmt"/>
      <line num="21" count="3" type="stmt"/>
      <line num="22" count="3" type="cond" truecount="2" falsecount="0"/>
      <line num="23" count="2" type="stmt"/>
      <line num="24" count="2" type="stmt"/>
      <line num="25" count="1" type="stmt"/>
      <line num="26" count="1" type="stmt"/>
      <line num="28" count="1" type="stmt"/>
    </file>
    <file name="db-schema.js" path="/Users/sbillups/csc307-lowballers/packages/express-backend/db-schema.js">
      <metrics statements="11" coveredstatements="11" conditionals="0" coveredconditionals="0" methods="0" coveredmethods="0"/>
      <line num="3" count="4" type="stmt"/>
      <line num="32" count="4" type="stmt"/>
      <line num="34" count="4" type="stmt"/>
      <line num="68" count="4" type="stmt"/>
      <line num="70" count="4" type="stmt"/>
      <line num="83" count="4" type="stmt"/>
      <line num="91" count="4" type="stmt"/>
      <line num="122" count="4" type="stmt"/>
      <line num="127" count="4" type="stmt"/>
      <line num="133" count="4" type="stmt"/>
      <line num="157" count="4" type="stmt"/>
    </file>
    <file name="db-services.js" path="/Users/sbillups/csc307-lowballers/packages/express-backend/db-services.js">
      <metrics statements="16" coveredstatements="16" conditionals="0" coveredconditionals="0" methods="12" coveredmethods="12"/>
      <line num="6" count="1" type="stmt"/>
      <line num="7" count="1" type="stmt"/>
      <line num="11" count="1" type="stmt"/>
      <line num="15" count="1" type="stmt"/>
      <line num="19" count="1" type="stmt"/>
      <line num="25" count="1" type="stmt"/>
      <line num="26" count="1" type="stmt"/>
      <line num="30" count="1" type="stmt"/>
      <line num="34" count="1" type="stmt"/>
      <line num="38" count="1" type="stmt"/>
      <line num="45" count="1" type="stmt"/>
      <line num="46" count="1" type="stmt"/>
      <line num="50" count="1" type="stmt"/>
      <line num="56" count="1" type="stmt"/>
      <line num="57" count="1" type="stmt"/>
      <line num="61" count="1" type="stmt"/>
    </file>
    <file name="item-services.js" path="/Users/sbillups/csc307-lowballers/packages/express-backend/item-services.js">
      <metrics statements="7" coveredstatements="7" conditionals="0" coveredconditionals="0" methods="5" coveredmethods="5"/>
      <line num="4" count="1" type="stmt"/>
      <line num="8" count="1" type="stmt"/>
      <line num="12" count="1" type="stmt"/>
      <line num="13" count="1" type="stmt"/>
      <line num="14" count="1" type="stmt"/>
      <line num="18" count="1" type="stmt"/>
      <line num="23" count="1" type="stmt"/>
    </file>
    <file name="message-services.js" path="/Users/sbillups/csc307-lowballers/packages/express-backend/message-services.js">
      <metrics statements="17" coveredstatements="17" conditionals="8" coveredconditionals="8" methods="3" coveredmethods="3"/>
      <line num="9" count="1" type="stmt"/>
      <line num="12" count="1" type="stmt"/>
      <line num="20" count="2" type="stmt"/>
      <line num="22" count="2" type="cond" truecount="2" falsecount="0"/>
      <line num="24" count="1" type="stmt"/>
      <line num="26" count="1" type="stmt"/>
      <line num="34" count="3" type="stmt"/>
      <line num="36" count="3" type="cond" truecount="4" falsecount="0"/>
      <line num="37" count="1" type="stmt"/>
      <line num="41" count="2" type="stmt"/>
      <line num="42" count="2" type="cond" truecount="2" falsecount="0"/>
      <line num="53" count="1" type="stmt"/>
      <line num="54" count="1" type="stmt"/>
      <line num="56" count="1" type="stmt"/>
      <line num="70" count="1" type="stmt"/>
      <line num="76" count="1" type="stmt"/>
      <line num="90" count="1" type="stmt"/>
    </file>
  </project>
</coverage>
