{"/Users/sbillups/csc307-lowballers/packages/express-backend/auth-middleware.js": {"path":"/Users/sbillups/csc307-lowballers/packages/express-backend/auth-middleware.js","statementMap":{"0":{"start":{"line":3,"column":19},"end":{"line":3,"column":71}},"1":{"start":{"line":7,"column":16},"end":{"line":7,"column":34}},"2":{"start":{"line":8,"column":2},"end":{"line":15,"column":3}},"3":{"start":{"line":9,"column":4},"end":{"line":14,"column":5}},"4":{"start":{"line":10,"column":22},"end":{"line":10,"column":51}},"5":{"start":{"line":11,"column":6},"end":{"line":11,"column":65}},"6":{"start":{"line":16,"column":2},"end":{"line":16,"column":9}},"7":{"start":{"line":21,"column":16},"end":{"line":21,"column":34}},"8":{"start":{"line":22,"column":2},"end":{"line":22,"column":76}},"9":{"start":{"line":22,"column":14},"end":{"line":22,"column":76}},"10":{"start":{"line":23,"column":2},"end":{"line":29,"column":3}},"11":{"start":{"line":24,"column":20},"end":{"line":24,"column":49}},"12":{"start":{"line":25,"column":4},"end":{"line":25,"column":63}},"13":{"start":{"line":26,"column":4},"end":{"line":26,"column":11}},"14":{"start":{"line":28,"column":4},"end":{"line":28,"column":73}}},"fnMap":{"0":{"name":"attachUserIfPresent","decl":{"start":{"line":6,"column":16},"end":{"line":6,"column":35}},"loc":{"start":{"line":6,"column":53},"end":{"line":17,"column":1}},"line":6},"1":{"name":"requireAuth","decl":{"start":{"line":20,"column":16},"end":{"line":20,"column":27}},"loc":{"start":{"line":20,"column":44},"end":{"line":30,"column":1}},"line":20}},"branchMap":{"0":{"loc":{"start":{"line":3,"column":19},"end":{"line":3,"column":71}},"type":"binary-expr","locations":[{"start":{"line":3,"column":19},"end":{"line":3,"column":41}},{"start":{"line":3,"column":45},"end":{"line":3,"column":71}}],"line":3},"1":{"loc":{"start":{"line":8,"column":2},"end":{"line":15,"column":3}},"type":"if","locations":[{"start":{"line":8,"column":2},"end":{"line":15,"column":3}},{"start":{},"end":{}}],"line":8},"2":{"loc":{"start":{"line":22,"column":2},"end":{"line":22,"column":76}},"type":"if","locations":[{"start":{"line":22,"column":2},"end":{"line":22,"column":76}},{"start":{},"end":{}}],"line":22}},"s":{"0":1,"1":3,"2":3,"3":2,"4":2,"5":1,"6":3,"7":3,"8":3,"9":1,"10":2,"11":2,"12":1,"13":1,"14":1},"f":{"0":3,"1":3},"b":{"0":[1,1],"1":[2,1],"2":[1,2]},"_coverageSchema":"1a1c01bbd47fc00a2c39e90264f33305004495a9","hash":"0821bc06e149417b2e2ddb988022d4f4aa26d8bc"}
,"/Users/sbillups/csc307-lowballers/packages/express-backend/db-schema.js": {"path":"/Users/sbillups/csc307-lowballers/packages/express-backend/db-schema.js","statementMap":{"0":{"start":{"line":3,"column":19},"end":{"line":39,"column":2}},"1":{"start":{"line":41,"column":13},"end":{"line":41,"column":47}},"2":{"start":{"line":43,"column":19},"end":{"line":75,"column":2}},"3":{"start":{"line":77,"column":13},"end":{"line":77,"column":47}},"4":{"start":{"line":79,"column":22},"end":{"line":90,"column":2}},"5":{"start":{"line":92,"column":16},"end":{"line":92,"column":56}},"6":{"start":{"line":100,"column":27},"end":{"line":128,"column":2}},"7":{"start":{"line":131,"column":0},"end":{"line":134,"column":2}},"8":{"start":{"line":136,"column":21},"end":{"line":136,"column":71}},"9":{"start":{"line":142,"column":22},"end":{"line":164,"column":2}},"10":{"start":{"line":166,"column":16},"end":{"line":166,"column":56}}},"fnMap":{},"branchMap":{},"s":{"0":4,"1":4,"2":4,"3":4,"4":4,"5":4,"6":4,"7":4,"8":4,"9":4,"10":4},"f":{},"b":{},"_coverageSchema":"1a1c01bbd47fc00a2c39e90264f33305004495a9","hash":"493effc91b2f5458854210034a583543563e3a7c"}
,"/Users/sbillups/csc307-lowballers/packages/express-backend/db-services.js": {"path":"/Users/sbillups/csc307-lowballers/packages/express-backend/db-services.js","statementMap":{"0":{"start":{"line":6,"column":20},"end":{"line":6,"column":34}},"1":{"start":{"line":7,"column":2},"end":{"line":7,"column":26}},"2":{"start":{"line":11,"column":2},"end":{"line":11,"column":21}},"3":{"start":{"line":15,"column":2},"end":{"line":15,"column":27}},"4":{"start":{"line":19,"column":2},"end":{"line":19,"column":36}},"5":{"start":{"line":25,"column":20},"end":{"line":25,"column":34}},"6":{"start":{"line":26,"column":2},"end":{"line":26,"column":26}},"7":{"start":{"line":30,"column":2},"end":{"line":30,"column":21}},"8":{"start":{"line":34,"column":2},"end":{"line":34,"column":46}},"9":{"start":{"line":38,"column":2},"end":{"line":38,"column":36}},"10":{"start":{"line":44,"column":2},"end":{"line":44,"column":35}},"11":{"start":{"line":48,"column":23},"end":{"line":48,"column":40}},"12":{"start":{"line":49,"column":2},"end":{"line":49,"column":29}},"13":{"start":{"line":53,"column":2},"end":{"line":53,"column":56}},"14":{"start":{"line":59,"column":28},"end":{"line":59,"column":45}},"15":{"start":{"line":60,"column":2},"end":{"line":60,"column":34}},"16":{"start":{"line":64,"column":2},"end":{"line":64,"column":55}}},"fnMap":{"0":{"name":"addUser","decl":{"start":{"line":5,"column":9},"end":{"line":5,"column":16}},"loc":{"start":{"line":5,"column":23},"end":{"line":8,"column":1}},"line":5},"1":{"name":"getUsers","decl":{"start":{"line":10,"column":9},"end":{"line":10,"column":17}},"loc":{"start":{"line":10,"column":20},"end":{"line":12,"column":1}},"line":10},"2":{"name":"findUserById","decl":{"start":{"line":14,"column":9},"end":{"line":14,"column":21}},"loc":{"start":{"line":14,"column":26},"end":{"line":16,"column":1}},"line":14},"3":{"name":"deleteUser","decl":{"start":{"line":18,"column":9},"end":{"line":18,"column":19}},"loc":{"start":{"line":18,"column":24},"end":{"line":20,"column":1}},"line":18},"4":{"name":"addItem","decl":{"start":{"line":24,"column":9},"end":{"line":24,"column":16}},"loc":{"start":{"line":24,"column":23},"end":{"line":27,"column":1}},"line":24},"5":{"name":"getItems","decl":{"start":{"line":29,"column":9},"end":{"line":29,"column":17}},"loc":{"start":{"line":29,"column":20},"end":{"line":31,"column":1}},"line":29},"6":{"name":"findItemById","decl":{"start":{"line":33,"column":9},"end":{"line":33,"column":21}},"loc":{"start":{"line":33,"column":26},"end":{"line":35,"column":1}},"line":33},"7":{"name":"deleteItem","decl":{"start":{"line":37,"column":9},"end":{"line":37,"column":19}},"loc":{"start":{"line":37,"column":24},"end":{"line":39,"column":1}},"line":37},"8":{"name":"findConversationById","decl":{"start":{"line":43,"column":9},"end":{"line":43,"column":29}},"loc":{"start":{"line":43,"column":34},"end":{"line":45,"column":1}},"line":43},"9":{"name":"addMessage","decl":{"start":{"line":47,"column":9},"end":{"line":47,"column":19}},"loc":{"start":{"line":47,"column":26},"end":{"line":50,"column":1}},"line":47},"10":{"name":"getMessages","decl":{"start":{"line":52,"column":9},"end":{"line":52,"column":20}},"loc":{"start":{"line":52,"column":23},"end":{"line":54,"column":1}},"line":52},"11":{"name":"addCatalogEntry","decl":{"start":{"line":58,"column":9},"end":{"line":58,"column":24}},"loc":{"start":{"line":58,"column":31},"end":{"line":61,"column":1}},"line":58},"12":{"name":"getCatalogEntries","decl":{"start":{"line":63,"column":9},"end":{"line":63,"column":26}},"loc":{"start":{"line":63,"column":29},"end":{"line":65,"column":1}},"line":63}},"branchMap":{},"s":{"0":1,"1":1,"2":1,"3":1,"4":1,"5":1,"6":1,"7":1,"8":1,"9":1,"10":1,"11":1,"12":1,"13":1,"14":1,"15":1,"16":1},"f":{"0":1,"1":1,"2":1,"3":1,"4":1,"5":1,"6":1,"7":1,"8":1,"9":1,"10":1,"11":1,"12":1},"b":{},"_coverageSchema":"1a1c01bbd47fc00a2c39e90264f33305004495a9","hash":"56f2d36a148746ca510c824ea1a10b3e399c106a"}
,"/Users/sbillups/csc307-lowballers/packages/express-backend/item-services.js": {"path":"/Users/sbillups/csc307-lowballers/packages/express-backend/item-services.js","statementMap":{"0":{"start":{"line":4,"column":2},"end":{"line":4,"column":21}},"1":{"start":{"line":8,"column":2},"end":{"line":8,"column":46}},"2":{"start":{"line":12,"column":20},"end":{"line":12,"column":34}},"3":{"start":{"line":13,"column":18},"end":{"line":13,"column":34}},"4":{"start":{"line":14,"column":2},"end":{"line":14,"column":17}},"5":{"start":{"line":18,"column":2},"end":{"line":18,"column":36}},"6":{"start":{"line":23,"column":2},"end":{"line":23,"column":39}},"7":{"start":{"line":28,"column":16},"end":{"line":28,"column":43}},"8":{"start":{"line":29,"column":2},"end":{"line":34,"column":24}},"9":{"start":{"line":39,"column":2},"end":{"line":39,"column":62}},"10":{"start":{"line":44,"column":16},"end":{"line":44,"column":43}},"11":{"start":{"line":45,"column":2},"end":{"line":51,"column":24}},"12":{"start":{"line":56,"column":2},"end":{"line":65,"column":4}}},"fnMap":{"0":{"name":"getItems","decl":{"start":{"line":3,"column":9},"end":{"line":3,"column":17}},"loc":{"start":{"line":3,"column":20},"end":{"line":5,"column":1}},"line":3},"1":{"name":"findItemById","decl":{"start":{"line":7,"column":9},"end":{"line":7,"column":21}},"loc":{"start":{"line":7,"column":26},"end":{"line":9,"column":1}},"line":7},"2":{"name":"addItem","decl":{"start":{"line":11,"column":9},"end":{"line":11,"column":16}},"loc":{"start":{"line":11,"column":23},"end":{"line":15,"column":1}},"line":11},"3":{"name":"deleteItem","decl":{"start":{"line":17,"column":9},"end":{"line":17,"column":19}},"loc":{"start":{"line":17,"column":24},"end":{"line":19,"column":1}},"line":17},"4":{"name":"getItemsByUserId","decl":{"start":{"line":21,"column":9},"end":{"line":21,"column":25}},"loc":{"start":{"line":21,"column":34},"end":{"line":24,"column":1}},"line":21},"5":{"name":"searchItemsByName","decl":{"start":{"line":26,"column":9},"end":{"line":26,"column":26}},"loc":{"start":{"line":26,"column":39},"end":{"line":35,"column":1}},"line":26},"6":{"name":"getItemsByLocation","decl":{"start":{"line":37,"column":9},"end":{"line":37,"column":27}},"loc":{"start":{"line":37,"column":38},"end":{"line":40,"column":1}},"line":37},"7":{"name":"searchItemsWithLocationFilter","decl":{"start":{"line":42,"column":9},"end":{"line":42,"column":38}},"loc":{"start":{"line":42,"column":61},"end":{"line":52,"column":1}},"line":42},"8":{"name":"mapItemToResponse","decl":{"start":{"line":55,"column":9},"end":{"line":55,"column":26}},"loc":{"start":{"line":55,"column":33},"end":{"line":66,"column":1}},"line":55}},"branchMap":{},"s":{"0":1,"1":1,"2":1,"3":1,"4":1,"5":1,"6":1,"7":1,"8":1,"9":1,"10":1,"11":1,"12":1},"f":{"0":1,"1":1,"2":1,"3":1,"4":1,"5":1,"6":1,"7":1,"8":1},"b":{},"_coverageSchema":"1a1c01bbd47fc00a2c39e90264f33305004495a9","hash":"a3cbd34f854a579c23de78f716628cc755d15bd6"}
,"/Users/sbillups/csc307-lowballers/packages/express-backend/message-services.js": {"path":"/Users/sbillups/csc307-lowballers/packages/express-backend/message-services.js","statementMap":{"0":{"start":{"line":9,"column":15},"end":{"line":11,"column":3}},"1":{"start":{"line":12,"column":2},"end":{"line":12,"column":78}},"2":{"start":{"line":20,"column":15},"end":{"line":20,"column":65}},"3":{"start":{"line":22,"column":2},"end":{"line":22,"column":23}},"4":{"start":{"line":22,"column":13},"end":{"line":22,"column":23}},"5":{"start":{"line":24,"column":12},"end":{"line":24,"column":40}},"6":{"start":{"line":26,"column":2},"end":{"line":29,"column":12}},"7":{"start":{"line":38,"column":2},"end":{"line":38,"column":79}},"8":{"start":{"line":40,"column":2},"end":{"line":42,"column":3}},"9":{"start":{"line":41,"column":4},"end":{"line":41,"column":50}},"10":{"start":{"line":45,"column":15},"end":{"line":45,"column":54}},"11":{"start":{"line":46,"column":2},"end":{"line":46,"column":47}},"12":{"start":{"line":46,"column":13},"end":{"line":46,"column":47}},"13":{"start":{"line":49,"column":19},"end":{"line":49,"column":41}},"14":{"start":{"line":50,"column":13},"end":{"line":50,"column":32}},"15":{"start":{"line":51,"column":16},"end":{"line":51,"column":38}},"16":{"start":{"line":54,"column":18},"end":{"line":54,"column":46}},"17":{"start":{"line":57,"column":13},"end":{"line":69,"column":3}},"18":{"start":{"line":72,"column":14},"end":{"line":76,"column":4}},"19":{"start":{"line":79,"column":2},"end":{"line":92,"column":4}},"20":{"start":{"line":95,"column":23},"end":{"line":95,"column":77}},"21":{"start":{"line":97,"column":2},"end":{"line":100,"column":4}},"22":{"start":{"line":106,"column":2},"end":{"line":108,"column":3}},"23":{"start":{"line":107,"column":4},"end":{"line":107,"column":50}},"24":{"start":{"line":111,"column":15},"end":{"line":111,"column":58}},"25":{"start":{"line":112,"column":2},"end":{"line":112,"column":55}},"26":{"start":{"line":112,"column":13},"end":{"line":112,"column":55}},"27":{"start":{"line":115,"column":14},"end":{"line":119,"column":4}},"28":{"start":{"line":122,"column":2},"end":{"line":135,"column":4}},"29":{"start":{"line":138,"column":23},"end":{"line":138,"column":77}},"30":{"start":{"line":139,"column":2},"end":{"line":139,"column":72}},"31":{"start":{"line":145,"column":15},"end":{"line":145,"column":49}},"32":{"start":{"line":146,"column":2},"end":{"line":146,"column":58}},"33":{"start":{"line":148,"column":2},"end":{"line":148,"column":47}},"34":{"start":{"line":148,"column":13},"end":{"line":148,"column":47}},"35":{"start":{"line":151,"column":20},"end":{"line":151,"column":63}},"36":{"start":{"line":152,"column":2},"end":{"line":152,"column":67}},"37":{"start":{"line":152,"column":18},"end":{"line":152,"column":67}},"38":{"start":{"line":154,"column":19},"end":{"line":154,"column":39}},"39":{"start":{"line":155,"column":13},"end":{"line":155,"column":32}},"40":{"start":{"line":156,"column":16},"end":{"line":156,"column":38}},"41":{"start":{"line":158,"column":18},"end":{"line":158,"column":46}},"42":{"start":{"line":161,"column":15},"end":{"line":172,"column":3}},"43":{"start":{"line":174,"column":2},"end":{"line":174,"column":14}}},"fnMap":{"0":{"name":"getInboxForUser","decl":{"start":{"line":8,"column":15},"end":{"line":8,"column":30}},"loc":{"start":{"line":8,"column":39},"end":{"line":13,"column":1}},"line":8},"1":{"name":"getMessagesForConversation","decl":{"start":{"line":19,"column":15},"end":{"line":19,"column":41}},"loc":{"start":{"line":19,"column":58},"end":{"line":30,"column":1}},"line":19},"2":{"name":"sendMessage","decl":{"start":{"line":37,"column":15},"end":{"line":37,"column":26}},"loc":{"start":{"line":37,"column":68},"end":{"line":103,"column":1}},"line":37},"3":{"name":"sendMessageToConversation","decl":{"start":{"line":105,"column":15},"end":{"line":105,"column":40}},"loc":{"start":{"line":105,"column":77},"end":{"line":140,"column":1}},"line":105},"4":{"name":"startConversationFromItem","decl":{"start":{"line":143,"column":15},"end":{"line":143,"column":40}},"loc":{"start":{"line":143,"column":76},"end":{"line":175,"column":1}},"line":143}},"branchMap":{"0":{"loc":{"start":{"line":22,"column":2},"end":{"line":22,"column":23}},"type":"if","locations":[{"start":{"line":22,"column":2},"end":{"line":22,"column":23}},{"start":{},"end":{}}],"line":22},"1":{"loc":{"start":{"line":40,"column":2},"end":{"line":42,"column":3}},"type":"if","locations":[{"start":{"line":40,"column":2},"end":{"line":42,"column":3}},{"start":{},"end":{}}],"line":40},"2":{"loc":{"start":{"line":40,"column":6},"end":{"line":40,"column":27}},"type":"binary-expr","locations":[{"start":{"line":40,"column":6},"end":{"line":40,"column":11}},{"start":{"line":40,"column":15},"end":{"line":40,"column":27}}],"line":40},"3":{"loc":{"start":{"line":46,"column":2},"end":{"line":46,"column":47}},"type":"if","locations":[{"start":{"line":46,"column":2},"end":{"line":46,"column":47}},{"start":{},"end":{}}],"line":46},"4":{"loc":{"start":{"line":54,"column":18},"end":{"line":54,"column":46}},"type":"cond-expr","locations":[{"start":{"line":54,"column":36},"end":{"line":54,"column":41}},{"start":{"line":54,"column":44},"end":{"line":54,"column":46}}],"line":54},"5":{"loc":{"start":{"line":99,"column":13},"end":{"line":99,"column":75}},"type":"cond-expr","locations":[{"start":{"line":99,"column":37},"end":{"line":99,"column":60}},{"start":{"line":99,"column":63},"end":{"line":99,"column":75}}],"line":99},"6":{"loc":{"start":{"line":106,"column":2},"end":{"line":108,"column":3}},"type":"if","locations":[{"start":{"line":106,"column":2},"end":{"line":108,"column":3}},{"start":{},"end":{}}],"line":106},"7":{"loc":{"start":{"line":106,"column":6},"end":{"line":106,"column":27}},"type":"binary-expr","locations":[{"start":{"line":106,"column":6},"end":{"line":106,"column":11}},{"start":{"line":106,"column":15},"end":{"line":106,"column":27}}],"line":106},"8":{"loc":{"start":{"line":112,"column":2},"end":{"line":112,"column":55}},"type":"if","locations":[{"start":{"line":112,"column":2},"end":{"line":112,"column":55}},{"start":{},"end":{}}],"line":112},"9":{"loc":{"start":{"line":139,"column":9},"end":{"line":139,"column":71}},"type":"cond-expr","locations":[{"start":{"line":139,"column":33},"end":{"line":139,"column":56}},{"start":{"line":139,"column":59},"end":{"line":139,"column":71}}],"line":139},"10":{"loc":{"start":{"line":148,"column":2},"end":{"line":148,"column":47}},"type":"if","locations":[{"start":{"line":148,"column":2},"end":{"line":148,"column":47}},{"start":{},"end":{}}],"line":148},"11":{"loc":{"start":{"line":151,"column":20},"end":{"line":151,"column":63}},"type":"binary-expr","locations":[{"start":{"line":151,"column":20},"end":{"line":151,"column":31}},{"start":{"line":151,"column":35},"end":{"line":151,"column":46}},{"start":{"line":151,"column":50},"end":{"line":151,"column":63}}],"line":151},"12":{"loc":{"start":{"line":152,"column":2},"end":{"line":152,"column":67}},"type":"if","locations":[{"start":{"line":152,"column":2},"end":{"line":152,"column":67}},{"start":{},"end":{}}],"line":152},"13":{"loc":{"start":{"line":158,"column":18},"end":{"line":158,"column":46}},"type":"cond-expr","locations":[{"start":{"line":158,"column":36},"end":{"line":158,"column":41}},{"start":{"line":158,"column":44},"end":{"line":158,"column":46}}],"line":158}},"s":{"0":1,"1":1,"2":2,"3":2,"4":1,"5":1,"6":1,"7":5,"8":5,"9":2,"10":3,"11":3,"12":1,"13":2,"14":2,"15":2,"16":2,"17":2,"18":2,"19":2,"20":2,"21":2,"22":6,"23":3,"24":3,"25":3,"26":1,"27":2,"28":2,"29":2,"30":2,"31":5,"32":5,"33":5,"34":1,"35":4,"36":4,"37":1,"38":3,"39":3,"40":3,"41":3,"42":3,"43":3},"f":{"0":1,"1":2,"2":5,"3":6,"4":5},"b":{"0":[1,1],"1":[2,3],"2":[5,4],"3":[1,2],"4":[1,1],"5":[1,1],"6":[3,3],"7":[6,4],"8":[1,2],"9":[1,1],"10":[1,4],"11":[4,3,2],"12":[1,3],"13":[1,2]},"_coverageSchema":"1a1c01bbd47fc00a2c39e90264f33305004495a9","hash":"ec1ec44ed7a92c2d4db5c3af191d20d97b069460"}
}
