{"/Users/sbillups/csc307-lowballers/packages/express-backend/auth-middleware.js": {"path":"/Users/sbillups/csc307-lowballers/packages/express-backend/auth-middleware.js","statementMap":{"0":{"start":{"line":3,"column":19},"end":{"line":3,"column":71}},"1":{"start":{"line":7,"column":16},"end":{"line":7,"column":34}},"2":{"start":{"line":8,"column":2},"end":{"line":15,"column":3}},"3":{"start":{"line":9,"column":4},"end":{"line":14,"column":5}},"4":{"start":{"line":10,"column":22},"end":{"line":10,"column":51}},"5":{"start":{"line":11,"column":6},"end":{"line":11,"column":65}},"6":{"start":{"line":16,"column":2},"end":{"line":16,"column":9}},"7":{"start":{"line":21,"column":16},"end":{"line":21,"column":34}},"8":{"start":{"line":22,"column":2},"end":{"line":22,"column":76}},"9":{"start":{"line":22,"column":14},"end":{"line":22,"column":76}},"10":{"start":{"line":23,"column":2},"end":{"line":29,"column":3}},"11":{"start":{"line":24,"column":20},"end":{"line":24,"column":49}},"12":{"start":{"line":25,"column":4},"end":{"line":25,"column":63}},"13":{"start":{"line":26,"column":4},"end":{"line":26,"column":11}},"14":{"start":{"line":28,"column":4},"end":{"line":28,"column":73}}},"fnMap":{"0":{"name":"attachUserIfPresent","decl":{"start":{"line":6,"column":16},"end":{"line":6,"column":35}},"loc":{"start":{"line":6,"column":53},"end":{"line":17,"column":1}},"line":6},"1":{"name":"requireAuth","decl":{"start":{"line":20,"column":16},"end":{"line":20,"column":27}},"loc":{"start":{"line":20,"column":44},"end":{"line":30,"column":1}},"line":20}},"branchMap":{"0":{"loc":{"start":{"line":3,"column":19},"end":{"line":3,"column":71}},"type":"binary-expr","locations":[{"start":{"line":3,"column":19},"end":{"line":3,"column":41}},{"start":{"line":3,"column":45},"end":{"line":3,"column":71}}],"line":3},"1":{"loc":{"start":{"line":8,"column":2},"end":{"line":15,"column":3}},"type":"if","locations":[{"start":{"line":8,"column":2},"end":{"line":15,"column":3}},{"start":{},"end":{}}],"line":8},"2":{"loc":{"start":{"line":22,"column":2},"end":{"line":22,"column":76}},"type":"if","locations":[{"start":{"line":22,"column":2},"end":{"line":22,"column":76}},{"start":{},"end":{}}],"line":22}},"s":{"0":1,"1":3,"2":3,"3":2,"4":2,"5":1,"6":3,"7":3,"8":3,"9":1,"10":2,"11":2,"12":1,"13":1,"14":1},"f":{"0":3,"1":3},"b":{"0":[1,1],"1":[2,1],"2":[1,2]},"_coverageSchema":"1a1c01bbd47fc00a2c39e90264f33305004495a9","hash":"0821bc06e149417b2e2ddb988022d4f4aa26d8bc"}
,"/Users/sbillups/csc307-lowballers/packages/express-backend/db-schema.js": {"path":"/Users/sbillups/csc307-lowballers/packages/express-backend/db-schema.js","statementMap":{"0":{"start":{"line":3,"column":19},"end":{"line":30,"column":2}},"1":{"start":{"line":32,"column":13},"end":{"line":32,"column":47}},"2":{"start":{"line":34,"column":19},"end":{"line":66,"column":2}},"3":{"start":{"line":68,"column":13},"end":{"line":68,"column":47}},"4":{"start":{"line":70,"column":22},"end":{"line":81,"column":2}},"5":{"start":{"line":83,"column":16},"end":{"line":83,"column":56}},"6":{"start":{"line":91,"column":27},"end":{"line":119,"column":2}},"7":{"start":{"line":122,"column":0},"end":{"line":125,"column":2}},"8":{"start":{"line":127,"column":21},"end":{"line":127,"column":71}},"9":{"start":{"line":133,"column":22},"end":{"line":155,"column":2}},"10":{"start":{"line":157,"column":16},"end":{"line":157,"column":56}}},"fnMap":{},"branchMap":{},"s":{"0":4,"1":4,"2":4,"3":4,"4":4,"5":4,"6":4,"7":4,"8":4,"9":4,"10":4},"f":{},"b":{},"_coverageSchema":"1a1c01bbd47fc00a2c39e90264f33305004495a9","hash":"30ae785533d86451102cd83e9f0837e214219d3c"}
,"/Users/sbillups/csc307-lowballers/packages/express-backend/db-services.js": {"path":"/Users/sbillups/csc307-lowballers/packages/express-backend/db-services.js","statementMap":{"0":{"start":{"line":6,"column":20},"end":{"line":6,"column":34}},"1":{"start":{"line":7,"column":2},"end":{"line":7,"column":26}},"2":{"start":{"line":11,"column":2},"end":{"line":11,"column":21}},"3":{"start":{"line":15,"column":2},"end":{"line":15,"column":27}},"4":{"start":{"line":19,"column":2},"end":{"line":19,"column":36}},"5":{"start":{"line":25,"column":20},"end":{"line":25,"column":34}},"6":{"start":{"line":26,"column":2},"end":{"line":26,"column":26}},"7":{"start":{"line":30,"column":2},"end":{"line":30,"column":21}},"8":{"start":{"line":34,"column":2},"end":{"line":34,"column":46}},"9":{"start":{"line":38,"column":2},"end":{"line":38,"column":36}},"10":{"start":{"line":45,"column":23},"end":{"line":45,"column":40}},"11":{"start":{"line":46,"column":2},"end":{"line":46,"column":29}},"12":{"start":{"line":50,"column":2},"end":{"line":50,"column":56}},"13":{"start":{"line":56,"column":28},"end":{"line":56,"column":45}},"14":{"start":{"line":57,"column":2},"end":{"line":57,"column":34}},"15":{"start":{"line":61,"column":2},"end":{"line":61,"column":55}}},"fnMap":{"0":{"name":"addUser","decl":{"start":{"line":5,"column":9},"end":{"line":5,"column":16}},"loc":{"start":{"line":5,"column":23},"end":{"line":8,"column":1}},"line":5},"1":{"name":"getUsers","decl":{"start":{"line":10,"column":9},"end":{"line":10,"column":17}},"loc":{"start":{"line":10,"column":20},"end":{"line":12,"column":1}},"line":10},"2":{"name":"findUserById","decl":{"start":{"line":14,"column":9},"end":{"line":14,"column":21}},"loc":{"start":{"line":14,"column":26},"end":{"line":16,"column":1}},"line":14},"3":{"name":"deleteUser","decl":{"start":{"line":18,"column":9},"end":{"line":18,"column":19}},"loc":{"start":{"line":18,"column":24},"end":{"line":20,"column":1}},"line":18},"4":{"name":"addItem","decl":{"start":{"line":24,"column":9},"end":{"line":24,"column":16}},"loc":{"start":{"line":24,"column":23},"end":{"line":27,"column":1}},"line":24},"5":{"name":"getItems","decl":{"start":{"line":29,"column":9},"end":{"line":29,"column":17}},"loc":{"start":{"line":29,"column":20},"end":{"line":31,"column":1}},"line":29},"6":{"name":"findItemById","decl":{"start":{"line":33,"column":9},"end":{"line":33,"column":21}},"loc":{"start":{"line":33,"column":26},"end":{"line":35,"column":1}},"line":33},"7":{"name":"deleteItem","decl":{"start":{"line":37,"column":9},"end":{"line":37,"column":19}},"loc":{"start":{"line":37,"column":24},"end":{"line":39,"column":1}},"line":37},"8":{"name":"addMessage","decl":{"start":{"line":44,"column":9},"end":{"line":44,"column":19}},"loc":{"start":{"line":44,"column":26},"end":{"line":47,"column":1}},"line":44},"9":{"name":"getMessages","decl":{"start":{"line":49,"column":9},"end":{"line":49,"column":20}},"loc":{"start":{"line":49,"column":23},"end":{"line":51,"column":1}},"line":49},"10":{"name":"addCatalogEntry","decl":{"start":{"line":55,"column":9},"end":{"line":55,"column":24}},"loc":{"start":{"line":55,"column":31},"end":{"line":58,"column":1}},"line":55},"11":{"name":"getCatalogEntries","decl":{"start":{"line":60,"column":9},"end":{"line":60,"column":26}},"loc":{"start":{"line":60,"column":29},"end":{"line":62,"column":1}},"line":60}},"branchMap":{},"s":{"0":1,"1":1,"2":1,"3":1,"4":1,"5":1,"6":1,"7":1,"8":1,"9":1,"10":1,"11":1,"12":1,"13":1,"14":1,"15":1},"f":{"0":1,"1":1,"2":1,"3":1,"4":1,"5":1,"6":1,"7":1,"8":1,"9":1,"10":1,"11":1},"b":{},"_coverageSchema":"1a1c01bbd47fc00a2c39e90264f33305004495a9","hash":"b9d3ac5f1e79a7ba7390b5db5e22d7c5f680b5c0"}
,"/Users/sbillups/csc307-lowballers/packages/express-backend/item-services.js": {"path":"/Users/sbillups/csc307-lowballers/packages/express-backend/item-services.js","statementMap":{"0":{"start":{"line":4,"column":2},"end":{"line":4,"column":21}},"1":{"start":{"line":8,"column":2},"end":{"line":8,"column":46}},"2":{"start":{"line":12,"column":20},"end":{"line":12,"column":34}},"3":{"start":{"line":13,"column":18},"end":{"line":13,"column":34}},"4":{"start":{"line":14,"column":2},"end":{"line":14,"column":17}},"5":{"start":{"line":18,"column":2},"end":{"line":18,"column":36}},"6":{"start":{"line":23,"column":2},"end":{"line":32,"column":4}}},"fnMap":{"0":{"name":"getItems","decl":{"start":{"line":3,"column":9},"end":{"line":3,"column":17}},"loc":{"start":{"line":3,"column":20},"end":{"line":5,"column":1}},"line":3},"1":{"name":"findItemById","decl":{"start":{"line":7,"column":9},"end":{"line":7,"column":21}},"loc":{"start":{"line":7,"column":26},"end":{"line":9,"column":1}},"line":7},"2":{"name":"addItem","decl":{"start":{"line":11,"column":9},"end":{"line":11,"column":16}},"loc":{"start":{"line":11,"column":23},"end":{"line":15,"column":1}},"line":11},"3":{"name":"deleteItem","decl":{"start":{"line":17,"column":9},"end":{"line":17,"column":19}},"loc":{"start":{"line":17,"column":24},"end":{"line":19,"column":1}},"line":17},"4":{"name":"mapItemToResponse","decl":{"start":{"line":22,"column":9},"end":{"line":22,"column":26}},"loc":{"start":{"line":22,"column":33},"end":{"line":33,"column":1}},"line":22}},"branchMap":{},"s":{"0":1,"1":1,"2":1,"3":1,"4":1,"5":1,"6":1},"f":{"0":1,"1":1,"2":1,"3":1,"4":1},"b":{},"_coverageSchema":"1a1c01bbd47fc00a2c39e90264f33305004495a9","hash":"c9a748ec70f5aff26dd91548642769863417facb"}
,"/Users/sbillups/csc307-lowballers/packages/express-backend/message-services.js": {"path":"/Users/sbillups/csc307-lowballers/packages/express-backend/message-services.js","statementMap":{"0":{"start":{"line":9,"column":15},"end":{"line":11,"column":3}},"1":{"start":{"line":12,"column":2},"end":{"line":12,"column":78}},"2":{"start":{"line":20,"column":15},"end":{"line":20,"column":65}},"3":{"start":{"line":22,"column":2},"end":{"line":22,"column":23}},"4":{"start":{"line":22,"column":13},"end":{"line":22,"column":23}},"5":{"start":{"line":24,"column":12},"end":{"line":24,"column":40}},"6":{"start":{"line":26,"column":2},"end":{"line":26,"column":56}},"7":{"start":{"line":34,"column":2},"end":{"line":34,"column":79}},"8":{"start":{"line":36,"column":2},"end":{"line":38,"column":3}},"9":{"start":{"line":37,"column":4},"end":{"line":37,"column":50}},"10":{"start":{"line":41,"column":15},"end":{"line":41,"column":47}},"11":{"start":{"line":42,"column":2},"end":{"line":42,"column":47}},"12":{"start":{"line":42,"column":13},"end":{"line":42,"column":47}},"13":{"start":{"line":53,"column":18},"end":{"line":53,"column":37}},"14":{"start":{"line":54,"column":19},"end":{"line":54,"column":41}},"15":{"start":{"line":56,"column":13},"end":{"line":68,"column":3}},"16":{"start":{"line":70,"column":14},"end":{"line":74,"column":4}},"17":{"start":{"line":76,"column":2},"end":{"line":89,"column":4}},"18":{"start":{"line":90,"column":2},"end":{"line":90,"column":46}}},"fnMap":{"0":{"name":"getInboxForUser","decl":{"start":{"line":8,"column":15},"end":{"line":8,"column":30}},"loc":{"start":{"line":8,"column":39},"end":{"line":13,"column":1}},"line":8},"1":{"name":"getMessagesForUser","decl":{"start":{"line":19,"column":15},"end":{"line":19,"column":33}},"loc":{"start":{"line":19,"column":50},"end":{"line":27,"column":1}},"line":19},"2":{"name":"sendMessage","decl":{"start":{"line":33,"column":15},"end":{"line":33,"column":26}},"loc":{"start":{"line":33,"column":68},"end":{"line":91,"column":1}},"line":33}},"branchMap":{"0":{"loc":{"start":{"line":22,"column":2},"end":{"line":22,"column":23}},"type":"if","locations":[{"start":{"line":22,"column":2},"end":{"line":22,"column":23}},{"start":{},"end":{}}],"line":22},"1":{"loc":{"start":{"line":36,"column":2},"end":{"line":38,"column":3}},"type":"if","locations":[{"start":{"line":36,"column":2},"end":{"line":38,"column":3}},{"start":{},"end":{}}],"line":36},"2":{"loc":{"start":{"line":36,"column":6},"end":{"line":36,"column":27}},"type":"binary-expr","locations":[{"start":{"line":36,"column":6},"end":{"line":36,"column":11}},{"start":{"line":36,"column":15},"end":{"line":36,"column":27}}],"line":36},"3":{"loc":{"start":{"line":42,"column":2},"end":{"line":42,"column":47}},"type":"if","locations":[{"start":{"line":42,"column":2},"end":{"line":42,"column":47}},{"start":{},"end":{}}],"line":42}},"s":{"0":1,"1":1,"2":2,"3":2,"4":1,"5":1,"6":1,"7":3,"8":3,"9":1,"10":2,"11":2,"12":1,"13":1,"14":1,"15":1,"16":1,"17":1,"18":1},"f":{"0":1,"1":2,"2":3},"b":{"0":[1,1],"1":[1,2],"2":[3,3],"3":[1,1]},"_coverageSchema":"1a1c01bbd47fc00a2c39e90264f33305004495a9","hash":"9e9045df29abfcfa9e04bef5db808ad01f46e6b1"}
}
