TN:
SF:auth-middleware.js
FN:6,attachUserIfPresent
FN:20,requireAuth
FNF:2
FNH:2
FNDA:3,attachUserIfPresent
FNDA:3,requireAuth
DA:3,1
DA:7,3
DA:8,3
DA:9,2
DA:10,2
DA:11,1
DA:16,3
DA:21,3
DA:22,3
DA:23,2
DA:24,2
DA:25,1
DA:26,1
DA:28,1
LF:14
LH:14
BRDA:3,0,0,1
BRDA:3,0,1,1
BRDA:8,1,0,2
BRDA:8,1,1,1
BRDA:22,2,0,1
BRDA:22,2,1,2
BRF:6
BRH:6
end_of_record
TN:
SF:db-schema.js
FNF:0
FNH:0
DA:3,4
DA:41,4
DA:43,4
DA:77,4
DA:79,4
DA:92,4
DA:100,4
DA:131,4
DA:136,4
DA:142,4
DA:166,4
LF:11
LH:11
BRF:0
BRH:0
end_of_record
TN:
SF:db-services.js
FN:5,addUser
FN:10,getUsers
FN:14,findUserById
FN:18,deleteUser
FN:24,addItem
FN:29,getItems
FN:33,findItemById
FN:37,deleteItem
FN:43,findConversationById
FN:47,addMessage
FN:52,getMessages
FN:58,addCatalogEntry
FN:63,getCatalogEntries
FNF:13
FNH:13
FNDA:1,addUser
FNDA:1,getUsers
FNDA:1,findUserById
FNDA:1,deleteUser
FNDA:1,addItem
FNDA:1,getItems
FNDA:1,findItemById
FNDA:1,deleteItem
FNDA:1,findConversationById
FNDA:1,addMessage
FNDA:1,getMessages
FNDA:1,addCatalogEntry
FNDA:1,getCatalogEntries
DA:6,1
DA:7,1
DA:11,1
DA:15,1
DA:19,1
DA:25,1
DA:26,1
DA:30,1
DA:34,1
DA:38,1
DA:44,1
DA:48,1
DA:49,1
DA:53,1
DA:59,1
DA:60,1
DA:64,1
LF:17
LH:17
BRF:0
BRH:0
end_of_record
TN:
SF:item-services.js
FN:3,getItems
FN:7,findItemById
FN:11,addItem
FN:17,deleteItem
FN:21,getItemsByUserId
FN:26,searchItemsByName
FN:37,getItemsByLocation
FN:42,searchItemsWithLocationFilter
FN:55,mapItemToResponse
FNF:9
FNH:9
FNDA:1,getItems
FNDA:1,findItemById
FNDA:1,addItem
FNDA:1,deleteItem
FNDA:1,getItemsByUserId
FNDA:1,searchItemsByName
FNDA:1,getItemsByLocation
FNDA:1,searchItemsWithLocationFilter
FNDA:1,mapItemToResponse
DA:4,1
DA:8,1
DA:12,1
DA:13,1
DA:14,1
DA:18,1
DA:23,1
DA:28,1
DA:29,1
DA:39,1
DA:44,1
DA:45,1
DA:56,1
LF:13
LH:13
BRF:0
BRH:0
end_of_record
TN:
SF:message-services.js
FN:8,getInboxForUser
FN:19,getMessagesForConversation
FN:37,sendMessage
FN:105,sendMessageToConversation
FN:143,startConversationFromItem
FNF:5
FNH:5
FNDA:1,getInboxForUser
FNDA:2,getMessagesForConversation
FNDA:5,sendMessage
FNDA:6,sendMessageToConversation
FNDA:5,startConversationFromItem
DA:9,1
DA:12,1
DA:20,2
DA:22,2
DA:24,1
DA:26,1
DA:38,5
DA:40,5
DA:41,2
DA:45,3
DA:46,3
DA:49,2
DA:50,2
DA:51,2
DA:54,2
DA:57,2
DA:72,2
DA:79,2
DA:95,2
DA:97,2
DA:106,6
DA:107,3
DA:111,3
DA:112,3
DA:115,2
DA:122,2
DA:138,2
DA:139,2
DA:145,5
DA:146,5
DA:148,5
DA:151,4
DA:152,4
DA:154,3
DA:155,3
DA:156,3
DA:158,3
DA:161,3
DA:174,3
LF:39
LH:39
BRDA:22,0,0,1
BRDA:22,0,1,1
BRDA:40,1,0,2
BRDA:40,1,1,3
BRDA:40,2,0,5
BRDA:40,2,1,4
BRDA:46,3,0,1
BRDA:46,3,1,2
BRDA:54,4,0,1
BRDA:54,4,1,1
BRDA:99,5,0,1
BRDA:99,5,1,1
BRDA:106,6,0,3
BRDA:106,6,1,3
BRDA:106,7,0,6
BRDA:106,7,1,4
BRDA:112,8,0,1
BRDA:112,8,1,2
BRDA:139,9,0,1
BRDA:139,9,1,1
BRDA:148,10,0,1
BRDA:148,10,1,4
BRDA:151,11,0,4
BRDA:151,11,1,3
BRDA:151,11,2,2
BRDA:152,12,0,1
BRDA:152,12,1,3
BRDA:158,13,0,1
BRDA:158,13,1,2
BRF:29
BRH:29
end_of_record
