TN:
SF:auth-middleware.js
FN:6,attachUserIfPresent
FN:20,requireAuth
FNF:2
FNH:2
FNDA:3,attachUserIfPresent
FNDA:3,requireAuth
DA:3,1
DA:7,3
DA:8,3
DA:9,2
DA:10,2
DA:11,1
DA:16,3
DA:21,3
DA:22,3
DA:23,2
DA:24,2
DA:25,1
DA:26,1
DA:28,1
LF:14
LH:14
BRDA:3,0,0,1
BRDA:3,0,1,1
BRDA:8,1,0,2
BRDA:8,1,1,1
BRDA:22,2,0,1
BRDA:22,2,1,2
BRF:6
BRH:6
end_of_record
TN:
SF:db-schema.js
FNF:0
FNH:0
DA:3,4
DA:32,4
DA:34,4
DA:68,4
DA:70,4
DA:83,4
DA:91,4
DA:122,4
DA:127,4
DA:133,4
DA:157,4
LF:11
LH:11
BRF:0
BRH:0
end_of_record
TN:
SF:db-services.js
FN:5,addUser
FN:10,getUsers
FN:14,findUserById
FN:18,deleteUser
FN:24,addItem
FN:29,getItems
FN:33,findItemById
FN:37,deleteItem
FN:44,addMessage
FN:49,getMessages
FN:55,addCatalogEntry
FN:60,getCatalogEntries
FNF:12
FNH:12
FNDA:1,addUser
FNDA:1,getUsers
FNDA:1,findUserById
FNDA:1,deleteUser
FNDA:1,addItem
FNDA:1,getItems
FNDA:1,findItemById
FNDA:1,deleteItem
FNDA:1,addMessage
FNDA:1,getMessages
FNDA:1,addCatalogEntry
FNDA:1,getCatalogEntries
DA:6,1
DA:7,1
DA:11,1
DA:15,1
DA:19,1
DA:25,1
DA:26,1
DA:30,1
DA:34,1
DA:38,1
DA:45,1
DA:46,1
DA:50,1
DA:56,1
DA:57,1
DA:61,1
LF:16
LH:16
BRF:0
BRH:0
end_of_record
TN:
SF:item-services.js
FN:3,getItems
FN:7,findItemById
FN:11,addItem
FN:17,deleteItem
FN:22,mapItemToResponse
FNF:5
FNH:5
FNDA:1,getItems
FNDA:1,findItemById
FNDA:1,addItem
FNDA:1,deleteItem
FNDA:1,mapItemToResponse
DA:4,1
DA:8,1
DA:12,1
DA:13,1
DA:14,1
DA:18,1
DA:23,1
LF:7
LH:7
BRF:0
BRH:0
end_of_record
TN:
SF:message-services.js
FN:8,getInboxForUser
FN:19,getMessagesForUser
FN:33,sendMessage
FNF:3
FNH:3
FNDA:1,getInboxForUser
FNDA:2,getMessagesForUser
FNDA:3,sendMessage
DA:9,1
DA:12,1
DA:20,2
DA:22,2
DA:24,1
DA:26,1
DA:34,3
DA:36,3
DA:37,1
DA:41,2
DA:42,2
DA:53,1
DA:54,1
DA:56,1
DA:70,1
DA:76,1
DA:90,1
LF:17
LH:17
BRDA:22,0,0,1
BRDA:22,0,1,1
BRDA:36,1,0,1
BRDA:36,1,1,2
BRDA:36,2,0,3
BRDA:36,2,1,3
BRDA:42,3,0,1
BRDA:42,3,1,1
BRF:8
BRH:8
end_of_record
